<?xml version="1.0" encoding="UTF-8"?>
<!-- Generated by org.testng.reporters.JUnitReportReporter -->
<testsuite skipped="0" hostname="Ankana_studyPC" name="seleniumcodingday3.seleniumTestScript1" tests="1" failures="0" timestamp="08 Nov 2017 20:46:27 GMT" time="29.533" errors="0">
  <testcase name="webDriverCommands3" time="29.533" classname="seleniumcodingday3.seleniumTestScript1"/>
</testsuite> <!-- seleniumcodingday3.seleniumTestScript1 -->
